<?xml version="1.0" encoding="UTF-8"?>
<testsuite xmlns:xsi="http://www.w3.org/2001/XMLSchema-instance" xsi:noNamespaceSchemaLocation="https://maven.apache.org/surefire/maven-surefire-plugin/xsd/surefire-test-report-3.0.xsd" version="3.0" name="test.MainTest" time="0.054" tests="5" errors="0" skipped="0" failures="2">
  <properties>
    <property name="sun.desktop" value="windows"/>
    <property name="awt.toolkit" value="sun.awt.windows.WToolkit"/>
    <property name="file.encoding.pkg" value="sun.io"/>
    <property name="java.specification.version" value="1.8"/>
    <property name="sun.cpu.isalist" value="amd64"/>
    <property name="sun.jnu.encoding" value="Cp1252"/>
    <property name="java.class.path" value="D:\AssignmentsGit\EasyHR-Approval\target\test-classes;D:\AssignmentsGit\EasyHR-Approval\target\classes;C:\Users\Rashini\.m2\repository\org\junit\jupiter\junit-jupiter\5.11.0-RC1\junit-jupiter-5.11.0-RC1.jar;C:\Users\Rashini\.m2\repository\org\junit\jupiter\junit-jupiter-api\5.11.0-RC1\junit-jupiter-api-5.11.0-RC1.jar;C:\Users\Rashini\.m2\repository\org\opentest4j\opentest4j\1.3.0\opentest4j-1.3.0.jar;C:\Users\Rashini\.m2\repository\org\junit\platform\junit-platform-commons\1.11.0-RC1\junit-platform-commons-1.11.0-RC1.jar;C:\Users\Rashini\.m2\repository\org\apiguardian\apiguardian-api\1.1.2\apiguardian-api-1.1.2.jar;C:\Users\Rashini\.m2\repository\org\junit\jupiter\junit-jupiter-params\5.11.0-RC1\junit-jupiter-params-5.11.0-RC1.jar;C:\Users\Rashini\.m2\repository\org\junit\jupiter\junit-jupiter-engine\5.11.0-RC1\junit-jupiter-engine-5.11.0-RC1.jar;C:\Users\Rashini\.m2\repository\org\junit\platform\junit-platform-engine\1.11.0-RC1\junit-platform-engine-1.11.0-RC1.jar;"/>
    <property name="java.vm.vendor" value="Oracle Corporation"/>
    <property name="sun.arch.data.model" value="64"/>
    <property name="user.variant" value=""/>
    <property name="java.vendor.url" value="http://java.oracle.com/"/>
    <property name="user.timezone" value="Asia/Colombo"/>
    <property name="java.vm.specification.version" value="1.8"/>
    <property name="os.name" value="Windows 10"/>
    <property name="user.country" value="SG"/>
    <property name="sun.java.launcher" value="SUN_STANDARD"/>
    <property name="sun.boot.library.path" value="C:\Program Files\Java\jdk1.8.0_111\jre\bin"/>
    <property name="sun.java.command" value="C:\Users\Rashini\AppData\Local\Temp\surefire2781593364358186255\surefirebooter-20240801160451937_3.jar C:\Users\Rashini\AppData\Local\Temp\surefire2781593364358186255 2024-08-01T16-04-51_149-jvmRun1 surefire-20240801160451937_1tmp surefire_0-20240801160451937_2tmp"/>
    <property name="surefire.test.class.path" value="D:\AssignmentsGit\EasyHR-Approval\target\test-classes;D:\AssignmentsGit\EasyHR-Approval\target\classes;C:\Users\Rashini\.m2\repository\org\junit\jupiter\junit-jupiter\5.11.0-RC1\junit-jupiter-5.11.0-RC1.jar;C:\Users\Rashini\.m2\repository\org\junit\jupiter\junit-jupiter-api\5.11.0-RC1\junit-jupiter-api-5.11.0-RC1.jar;C:\Users\Rashini\.m2\repository\org\opentest4j\opentest4j\1.3.0\opentest4j-1.3.0.jar;C:\Users\Rashini\.m2\repository\org\junit\platform\junit-platform-commons\1.11.0-RC1\junit-platform-commons-1.11.0-RC1.jar;C:\Users\Rashini\.m2\repository\org\apiguardian\apiguardian-api\1.1.2\apiguardian-api-1.1.2.jar;C:\Users\Rashini\.m2\repository\org\junit\jupiter\junit-jupiter-params\5.11.0-RC1\junit-jupiter-params-5.11.0-RC1.jar;C:\Users\Rashini\.m2\repository\org\junit\jupiter\junit-jupiter-engine\5.11.0-RC1\junit-jupiter-engine-5.11.0-RC1.jar;C:\Users\Rashini\.m2\repository\org\junit\platform\junit-platform-engine\1.11.0-RC1\junit-platform-engine-1.11.0-RC1.jar;"/>
    <property name="sun.cpu.endian" value="little"/>
    <property name="user.home" value="C:\Users\Rashini"/>
    <property name="user.language" value="en"/>
    <property name="java.specification.vendor" value="Oracle Corporation"/>
    <property name="java.home" value="C:\Program Files\Java\jdk1.8.0_111\jre"/>
    <property name="basedir" value="D:\AssignmentsGit\EasyHR-Approval"/>
    <property name="file.separator" value="\"/>
    <property name="line.separator" value="&#10;"/>
    <property name="java.vm.specification.vendor" value="Oracle Corporation"/>
    <property name="java.specification.name" value="Java Platform API Specification"/>
    <property name="java.awt.graphicsenv" value="sun.awt.Win32GraphicsEnvironment"/>
    <property name="surefire.real.class.path" value="C:\Users\Rashini\AppData\Local\Temp\surefire2781593364358186255\surefirebooter-20240801160451937_3.jar"/>
    <property name="sun.boot.class.path" value="C:\Program Files\Java\jdk1.8.0_111\jre\lib\resources.jar;C:\Program Files\Java\jdk1.8.0_111\jre\lib\rt.jar;C:\Program Files\Java\jdk1.8.0_111\jre\lib\sunrsasign.jar;C:\Program Files\Java\jdk1.8.0_111\jre\lib\jsse.jar;C:\Program Files\Java\jdk1.8.0_111\jre\lib\jce.jar;C:\Program Files\Java\jdk1.8.0_111\jre\lib\charsets.jar;C:\Program Files\Java\jdk1.8.0_111\jre\lib\jfr.jar;C:\Program Files\Java\jdk1.8.0_111\jre\classes"/>
    <property name="user.script" value=""/>
    <property name="sun.management.compiler" value="HotSpot 64-Bit Tiered Compilers"/>
    <property name="java.runtime.version" value="1.8.0_111-b14"/>
    <property name="user.name" value="Rashini"/>
    <property name="path.separator" value=";"/>
    <property name="os.version" value="10.0"/>
    <property name="java.endorsed.dirs" value="C:\Program Files\Java\jdk1.8.0_111\jre\lib\endorsed"/>
    <property name="java.runtime.name" value="Java(TM) SE Runtime Environment"/>
    <property name="file.encoding" value="Cp1252"/>
    <property name="java.vm.name" value="Java HotSpot(TM) 64-Bit Server VM"/>
    <property name="localRepository" value="C:\Users\Rashini\.m2\repository"/>
    <property name="java.vendor.url.bug" value="http://bugreport.sun.com/bugreport/"/>
    <property name="java.io.tmpdir" value="C:\Users\Rashini\AppData\Local\Temp\"/>
    <property name="java.version" value="1.8.0_111"/>
    <property name="user.dir" value="D:\AssignmentsGit\EasyHR-Approval"/>
    <property name="os.arch" value="amd64"/>
    <property name="java.vm.specification.name" value="Java Virtual Machine Specification"/>
    <property name="java.awt.printerjob" value="sun.awt.windows.WPrinterJob"/>
    <property name="sun.os.patch.level" value=""/>
    <property name="java.library.path" value="C:\Program Files\Java\jdk1.8.0_111\jre\bin;C:\windows\Sun\Java\bin;C:\windows\system32;C:\windows;C:\Users\Rashini\bin;C:\Program Files\Git\mingw64\bin;C:\Program Files\Git\usr\local\bin;C:\Program Files\Git\usr\bin;C:\Program Files\Git\usr\bin;C:\Program Files\Git\mingw64\bin;C:\Program Files\Git\usr\bin;C:\Users\Rashini\bin;C:\Program Files\Common Files\Oracle\Java\javapath;C:\ProgramData\Oracle\Java\javapath;C:\windows\system32;C:\windows;C:\windows\System32\Wbem;C:\windows\System32\WindowsPowerShell\v1.0;C:\windows\System32\OpenSSH;C:\Program Files (x86)\NVIDIA Corporation\PhysX\Common;C:\Program Files\NVIDIA Corporation\NVIDIA NvDLISR;C:\Program Files\Java\jdk1.8.0_111\bin;C:\Program Files\Git\cmd;C:\Program Files (x86)\Windows Live\Shared;C:\Program Files\Microsoft SQL Server\Client SDK\ODBC\170\Tools\Binn;C:\Program Files (x86)\Microsoft SQL Server\150\Tools\Binn;C:\Program Files\Microsoft SQL Server\150\Tools\Binn;C:\Program Files\Microsoft SQL Server\150\DTS\Binn;C:\Program Files (x86)\Microsoft SQL Server\150\DTS\Binn;C:\Program Files\Azure Data Studio\bin;C:\Program Files\nodejs;C:\Program Files\MongoDB\Server\6.0\bin;C:\Program Files\Docker\Docker\resources\bin;C:\Program Files\apache-maven-3.9.4-bin\apache-maven-3.9.4\bin;C:\Program Files\Java\jdk1.8.0_111\bin;C:\ProgramData\Microsoft\Windows\Start Menu\Programs\CLIPS;C:\ProgramData\chocolatey\bin;C:\Program Files\Git\usr\bin;C:\Program Files\Git\usr\bin;%PATH;C;C:\Program Files\Git\ProgramData\chocolatey\bin;%;C:\Users\Rashini\AppData\Local\Programs\Microsoft VS Code\bin;C:\Users\Rashini\AppData\Local\GitHubDesktop\bin;C:\Program Files\Git\usr\bin\vendor_perl;C:\Program Files\Git\usr\bin\core_perl;."/>
    <property name="java.vm.info" value="mixed mode"/>
    <property name="java.vendor" value="Oracle Corporation"/>
    <property name="java.vm.version" value="25.111-b14"/>
    <property name="java.ext.dirs" value="C:\Program Files\Java\jdk1.8.0_111\jre\lib\ext;C:\windows\Sun\Java\lib\ext"/>
    <property name="sun.io.unicode.encoding" value="UnicodeLittle"/>
    <property name="java.class.version" value="52.0"/>
  </properties>
  <testcase name="testAddEmployeeWithoutName" classname="test.MainTest" time="0.026">
    <failure message="Compulsory to add the name of an employee ==&gt; expected: &lt;true&gt; but was: &lt;false&gt;" type="org.opentest4j.AssertionFailedError"><![CDATA[org.opentest4j.AssertionFailedError: Compulsory to add the name of an employee ==> expected: <true> but was: <false>
	at org.junit.jupiter.api.AssertionFailureBuilder.build(AssertionFailureBuilder.java:151)
	at org.junit.jupiter.api.AssertionFailureBuilder.buildAndThrow(AssertionFailureBuilder.java:132)
	at org.junit.jupiter.api.AssertTrue.failNotTrue(AssertTrue.java:63)
	at org.junit.jupiter.api.AssertTrue.assertTrue(AssertTrue.java:36)
	at org.junit.jupiter.api.Assertions.assertTrue(Assertions.java:214)
	at test.MainTest.testAddEmployeeWithoutName(MainTest.java:59)
	at java.lang.reflect.Method.invoke(Method.java:498)
	at java.util.ArrayList.forEach(ArrayList.java:1249)
	at java.util.ArrayList.forEach(ArrayList.java:1249)
]]></failure>
    <system-out><![CDATA[Testing:testAddEmployeeWithoutName
Employee added successfully.
]]></system-out>
  </testcase>
  <testcase name="testApproveNonExistentEmployeeById" classname="test.MainTest" time="0.002">
    <failure message="No such employee ==&gt; expected: &lt;true&gt; but was: &lt;false&gt;" type="org.opentest4j.AssertionFailedError"><![CDATA[org.opentest4j.AssertionFailedError: No such employee ==> expected: <true> but was: <false>
	at org.junit.jupiter.api.AssertionFailureBuilder.build(AssertionFailureBuilder.java:151)
	at org.junit.jupiter.api.AssertionFailureBuilder.buildAndThrow(AssertionFailureBuilder.java:132)
	at org.junit.jupiter.api.AssertTrue.failNotTrue(AssertTrue.java:63)
	at org.junit.jupiter.api.AssertTrue.assertTrue(AssertTrue.java:36)
	at org.junit.jupiter.api.Assertions.assertTrue(Assertions.java:214)
	at test.MainTest.testApproveNonExistentEmployeeById(MainTest.java:50)
	at java.lang.reflect.Method.invoke(Method.java:498)
	at java.util.ArrayList.forEach(ArrayList.java:1249)
	at java.util.ArrayList.forEach(ArrayList.java:1249)
]]></failure>
    <system-out><![CDATA[Testing:testApproveNonExistentEmployeeById
Employee with ID 100 not found.
]]></system-out>
  </testcase>
  <testcase name="testAddEmployee" classname="test.MainTest" time="0.002">
    <system-out><![CDATA[Testing:testAddEmployee
Employee added successfully.
______________________
]]></system-out>
  </testcase>
  <testcase name="testViewEmployees" classname="test.MainTest" time="0.001">
    <system-out><![CDATA[Testing:testViewEmployees
Employee added successfully.
______________________
]]></system-out>
  </testcase>
  <testcase name="testApproveEmployeeById" classname="test.MainTest" time="0.0">
    <system-out><![CDATA[Testing:testApproveEmployeeById
Employee added successfully.
Employee with ID 4 approved.
______________________
]]></system-out>
  </testcase>
</testsuite>