-------------------------------------------------------------------------------
Test set: test.MainTest
-------------------------------------------------------------------------------
Tests run: 5, Failures: 2, Errors: 0, Skipped: 0, Time elapsed: 0.054 s <<< FAILURE! -- in test.MainTest
test.MainTest.testAddEmployeeWithoutName -- Time elapsed: 0.026 s <<< FAILURE!
org.opentest4j.AssertionFailedError: Compulsory to add the name of an employee ==> expected: <true> but was: <false>
	at org.junit.jupiter.api.AssertionFailureBuilder.build(AssertionFailureBuilder.java:151)
	at org.junit.jupiter.api.AssertionFailureBuilder.buildAndThrow(AssertionFailureBuilder.java:132)
	at org.junit.jupiter.api.AssertTrue.failNotTrue(AssertTrue.java:63)
	at org.junit.jupiter.api.AssertTrue.assertTrue(AssertTrue.java:36)
	at org.junit.jupiter.api.Assertions.assertTrue(Assertions.java:214)
	at test.MainTest.testAddEmployeeWithoutName(MainTest.java:59)
	at java.lang.reflect.Method.invoke(Method.java:498)
	at java.util.ArrayList.forEach(ArrayList.java:1249)
	at java.util.ArrayList.forEach(ArrayList.java:1249)

test.MainTest.testApproveNonExistentEmployeeById -- Time elapsed: 0.002 s <<< FAILURE!
org.opentest4j.AssertionFailedError: No such employee ==> expected: <true> but was: <false>
	at org.junit.jupiter.api.AssertionFailureBuilder.build(AssertionFailureBuilder.java:151)
	at org.junit.jupiter.api.AssertionFailureBuilder.buildAndThrow(AssertionFailureBuilder.java:132)
	at org.junit.jupiter.api.AssertTrue.failNotTrue(AssertTrue.java:63)
	at org.junit.jupiter.api.AssertTrue.assertTrue(AssertTrue.java:36)
	at org.junit.jupiter.api.Assertions.assertTrue(Assertions.java:214)
	at test.MainTest.testApproveNonExistentEmployeeById(MainTest.java:50)
	at java.lang.reflect.Method.invoke(Method.java:498)
	at java.util.ArrayList.forEach(ArrayList.java:1249)
	at java.util.ArrayList.forEach(ArrayList.java:1249)

