<?xml version="1.0" encoding="UTF-8"?>
<testsuite xmlns:xsi="http://www.w3.org/2001/XMLSchema-instance" xsi:noNamespaceSchemaLocation="https://maven.apache.org/surefire/maven-surefire-plugin/xsd/surefire-test-report-3.0.xsd" version="3.0" name="test.MainTest" time="0.054" tests="5" errors="0" skipped="0" failures="2">
  <properties>
[...]
</properties>
  <testcase name="testAddEmployeeWithoutName" classname="test.MainTest" time="0.026">
    <failure message="Compulsory to add the name of an employee ==&gt; expected: &lt;true&gt; but was: &lt;false&gt;" type="org.opentest4j.AssertionFailedError"><![CDATA[org.opentest4j.AssertionFailedError: Compulsory to add the name of an employee ==> expected: <true> but was: <false>
	at org.junit.jupiter.api.AssertionFailureBuilder.build(AssertionFailureBuilder.java:151)
	at org.junit.jupiter.api.AssertionFailureBuilder.buildAndThrow(AssertionFailureBuilder.java:132)
	at org.junit.jupiter.api.AssertTrue.failNotTrue(AssertTrue.java:63)
	at org.junit.jupiter.api.AssertTrue.assertTrue(AssertTrue.java:36)
	at org.junit.jupiter.api.Assertions.assertTrue(Assertions.java:214)
	at test.MainTest.testAddEmployeeWithoutName(MainTest.java:59)
	at java.lang.reflect.Method.invoke(Method.java:498)
	at java.util.ArrayList.forEach(ArrayList.java:1249)
	at java.util.ArrayList.forEach(ArrayList.java:1249)
]]></failure>
    <system-out><![CDATA[Testing:testAddEmployeeWithoutName
Employee added successfully.
]]></system-out>
  </testcase>
  <testcase name="testApproveNonExistentEmployeeById" classname="test.MainTest" time="0.002">
    <failure message="No such employee ==&gt; expected: &lt;true&gt; but was: &lt;false&gt;" type="org.opentest4j.AssertionFailedError"><![CDATA[org.opentest4j.AssertionFailedError: No such employee ==> expected: <true> but was: <false>
	at org.junit.jupiter.api.AssertionFailureBuilder.build(AssertionFailureBuilder.java:151)
	at org.junit.jupiter.api.AssertionFailureBuilder.buildAndThrow(AssertionFailureBuilder.java:132)
	at org.junit.jupiter.api.AssertTrue.failNotTrue(AssertTrue.java:63)
	at org.junit.jupiter.api.AssertTrue.assertTrue(AssertTrue.java:36)
	at org.junit.jupiter.api.Assertions.assertTrue(Assertions.java:214)
	at test.MainTest.testApproveNonExistentEmployeeById(MainTest.java:50)
	at java.lang.reflect.Method.invoke(Method.java:498)
	at java.util.ArrayList.forEach(ArrayList.java:1249)
	at java.util.ArrayList.forEach(ArrayList.java:1249)
]]></failure>
    <system-out><![CDATA[Testing:testApproveNonExistentEmployeeById
Employee with ID 100 not found.
]]></system-out>
  </testcase>
  <testcase name="testAddEmployee" classname="test.MainTest" time="0.002">
    <system-out><![CDATA[Testing:testAddEmployee
Employee added successfully.
______________________
]]></system-out>
  </testcase>
  <testcase name="testViewEmployees" classname="test.MainTest" time="0.001">
    <system-out><![CDATA[Testing:testViewEmployees
Employee added successfully.
______________________
]]></system-out>
  </testcase>
  <testcase name="testApproveEmployeeById" classname="test.MainTest" time="0.0">
    <system-out><![CDATA[Testing:testApproveEmployeeById
Employee added successfully.
Employee with ID 4 approved.
______________________
]]></system-out>
  </testcase>
</testsuite>